[LOG] FMOD_System_Create                       : Header version = 2.03.09. Current version = 2.03.09.
[LOG] system_create                            : Header version = 2.03.09. Current version = 2.03.09.
[LOG] SystemI::setOutputInternal               : Setting output to 'FMOD Core Audio Output'
[LOG] Manager::init                            : maxchannels = 256 studioflags = 00000006 flags 00000000 extradriverdata 0x0.
[LOG] SystemI::init                            : Initialize version=20309 (155273), maxchannels=256, flags=0x00020000
[LOG] OutputCoreAudio::init                    : Output running 2 channels at 44100Hz sample rate.
[LOG] OutputCoreAudio::init                    : Maximum hardware read size: 1024 samples, Software buffer size: 512 samples, Number of software buffers: 4.
[LOG] SystemI::init                            : Output requires a sample rate of 44100Hz, resampling will occur.
[LOG] Thread::initThread                       : Init FMOD stream thread. Affinity: 0x4000000000000003, Priority: 0xFFFF7FFB, Stack Size: 98304, Semaphore: No, Sleep Time: 10, Looping: Yes.
[LOG] SystemI::DSPCodecPoolRegister            : register codec pool for pool type 0
[LOG] Thread::initThread                       : Init FMOD mixer thread. Affinity: 0x4000000000000001, Priority: 0xFFFF7FFA, Stack Size: 81920, Semaphore: Yes, Sleep Time: 0, Looping: Yes.
[LOG] AsyncManager::init                       : manager 0x839de4008 isAsync 0 updatePeriod 0.02
[LOG] AsyncManager::init                       : done
[LOG] PlaybackSystem::init                     : 
[LOG] Thread::initThread                       : Init FMOD Studio sample load thread. Affinity: 0x4000000000000003, Priority: 0xFFFF7FFD, Stack Size: 98304, Semaphore: No, Sleep Time: 1, Looping: No.
[LOG] PlaybackSystem::init                     : done
[LOG] Thread::initThread                       : Init FMOD Studio bank load thread. Affinity: 0x4000000000000003, Priority: 0xFFFF7FFD, Stack Size: 98304, Semaphore: No, Sleep Time: 1, Looping: No.
[LOG] Manager::init                            : done.
[LOG] BankLoader::serializeBank                : fileversion = 146, compatVersion = 146 (oldest = 44, newest = 146)
[LOG] BankLoader::serializeBank                : fileversion = 146, compatVersion = 146 (oldest = 44, newest = 146)
[LOG] PlaybackSystem::acquireMasterBus         : Setting master channel group format to 6
[LOG] SystemI::createSound                     : filename = ../../../../Desktop/p1/Build/Desktop/Master.bank : mode 02010082
[LOG] SystemI::createSound                     : FMOD_NONBLOCKING specified.  Putting into queue to be opened asynchronously!
[LOG] AsyncThread::getAsyncThread              : index = 0 / 5
[LOG] AsyncThread::add                         : add sound to async queue : soundi = 0x837b372c8, queue head = 0x829565f58, queue count = 0
[LOG] AsyncThread::threadFunc                  : Starting Asynchronous operation on sound 0x837b372c8
[LOG] SystemI::createSound                     : filename = ../../../../Desktop/p1/Build/Desktop/Master.bank : mode 02010082
[LOG] SystemI::createSoundInternal             :     Create name='../../../../Desktop/p1/Build/Desktop/Master.bank', mode=0x02010082
[LOG] SystemI::createSoundInternal             :     exinfo->cbsize             = 224
[LOG] SystemI::createSoundInternal             :     exinfo->length             = 2107872
[LOG] SystemI::createSoundInternal             :     exinfo->fileoffset         = 14592
[LOG] SystemI::createSoundInternal             :     exinfo->numsubsounds       = 1
[LOG] SystemI::createSoundInternal             :     exinfo->inclusionlist      = 0x8293e69c8
[LOG] SystemI::createSoundInternal             :     exinfo->inclusionlistnum   = 1
[LOG] SystemI::createSoundInternal             :     exinfo->suggestedsoundtype = 5
[LOG] SystemI::createSoundInternal             :     exinfo->initialseekpostype = 1
[LOG] SystemI::createSound                     :     FMOD_NONBLOCKING specified.  Putting into queue to be opened asynchronously!
[LOG] AsyncThread::getAsyncThread              :     index = 0 / 5
[LOG] AsyncThread::add                         :     add sound to async queue : soundi = 0x837b37648, queue head = 0x829565f58, queue count = 0
[LOG] SystemI::createSound                     :     filename = ../../../../Desktop/p1/Build/Desktop/Master.bank : mode 02010082
[LOG] SystemI::createSound                     :     FMOD_NONBLOCKING specified.  Putting into queue to be opened asynchronously!
[LOG] AsyncThread::getAsyncThread              :     index = 0 / 5
[LOG] AsyncThread::add                         :     add sound to async queue : soundi = 0x837b379c8, queue head = 0x829565f58, queue count = 1
[LOG] SystemI::createSoundInternal             :     Stream 0/1: name='sub-drums', format=5, channels=2, frequency=48000, lengthbytes=259936, lengthpcm=1026925, pcmblocksize=0, loopstart=0, loopend=0, mode=0x00000000, channelmask=0x00000000, channelorder=0, peakvolume=0.981873.
[LOG] AsyncThread::threadFunc                  : Finished Asynchronous operation on sound 0x837b372c8
[LOG] AsyncThread::threadFunc                  : Starting Asynchronous operation on sound 0x837b37648
[LOG] SystemI::createSoundInternal             :     Create name='../../../../Desktop/p1/Build/Desktop/Master.bank', mode=0x02010082
[LOG] SystemI::createSoundInternal             :     exinfo->cbsize             = 224
[LOG] SystemI::createSoundInternal             :     exinfo->length             = 2107872
[LOG] SystemI::createSoundInternal             :     exinfo->fileoffset         = 14592
[LOG] SystemI::createSoundInternal             :     exinfo->numsubsounds       = 1
[LOG] SystemI::createSoundInternal             :     exinfo->inclusionlist      = 0x8293e7d48
[LOG] SystemI::createSoundInternal             :     exinfo->inclusionlistnum   = 1
[LOG] SystemI::createSoundInternal             :     exinfo->suggestedsoundtype = 5
[LOG] SystemI::createSoundInternal             :     exinfo->initialseekposition = 8000
[LOG] SystemI::createSoundInternal             :     exinfo->initialseekpostype = 1
[LOG] SystemI::createSoundInternal             :     Stream 0/1: name='drums', format=5, channels=2, frequency=48000, lengthbytes=390208, lengthpcm=1538507, pcmblocksize=0, loopstart=0, loopend=0, mode=0x00000000, channelmask=0x00000000, channelorder=0, peakvolume=0.986389.
[LOG] AsyncThread::threadFunc                  : Finished Asynchronous operation on sound 0x837b37648
[LOG] AsyncThread::threadFunc                  : Starting Asynchronous operation on sound 0x837b379c8
[LOG] SystemI::createSoundInternal             :     Create name='../../../../Desktop/p1/Build/Desktop/Master.bank', mode=0x02010082
[LOG] SystemI::createSoundInternal             :     exinfo->cbsize             = 224
[LOG] SystemI::createSoundInternal             :     exinfo->length             = 2107872
[LOG] SystemI::createSoundInternal             :     exinfo->fileoffset         = 14592
[LOG] SystemI::createSoundInternal             :     exinfo->numsubsounds       = 1
[LOG] SystemI::createSoundInternal             :     exinfo->inclusionlist      = 0x8293e63c8
[LOG] SystemI::createSoundInternal             :     exinfo->inclusionlistnum   = 1
[LOG] SystemI::createSoundInternal             :     exinfo->suggestedsoundtype = 5
[LOG] SystemI::createSoundInternal             :     exinfo->initialseekpostype = 1
[LOG] SystemI::createSoundInternal             :     Stream 0/1: name='shaker', format=5, channels=2, frequency=48000, lengthbytes=51392, lengthpcm=1026925, pcmblocksize=0, loopstart=0, loopend=0, mode=0x00000000, channelmask=0x00000000, channelorder=0, peakvolume=0.997528.
[LOG] AsyncThread::threadFunc                  : Finished Asynchronous operation on sound 0x837b379c8
[LOG] SoundI::release                          : drums (0x837b34548)
[LOG] SoundI::release                          :     drums (0x829567d88)
[LOG] SoundI::release                          :     drums (0x837b34008)
[LOG] SoundI::release                          : shaker (0x837b379c8)
[LOG] SoundI::release                          :     shaker (0x8293e5508)
[LOG] SoundI::release                          :     shaker (0x8373eed88)
[LOG] SoundI::release                          : drums (0x837b37648)
[LOG] SoundI::release                          :     drums (0x8293e4188)
[LOG] SoundI::release                          :     drums (0x838bd5dc8)
[LOG] SoundI::release                          : sub-drums (0x837b372c8)
[LOG] SoundI::release                          :     sub-drums (0x8293e4908)
[LOG] SoundI::release                          :     sub-drums (0x837b37488)
[LOG] Thread::callback                         : FMOD Studio update thread finished.
[LOG] Thread::callback                         : FMOD Studio bank load thread finished.
[LOG] Profile::disconnectAll                   : Profiler disconnecting all clients
[LOG] Thread::callback                         : FMOD Studio sample load thread finished.
[LOG] LiveUpdate::release                      : 
[LOG] LiveUpdate::reset                        : Reset connection (reason Disconnected)
[LOG] Thread::callback                         : FMOD stream thread finished.
[LOG] Thread::callback                         : FMOD mixer thread finished.
[LOG] Profile::disconnectAll                   : Profiler disconnecting all clients
[LOG] SystemI::closeInternal                   : Closed.
